# JRE version: Java(TM) SE Runtime Environment (8.0_121-b13) (build 1.8.0_121-b13)
# Java VM: Java HotSpot(TM) 64-Bit Server VM (25.121-b13 mixed mode windows-amd64 compressed oops)
Heap:
 PSYoungGen      total 71680K, used 32757K [0x00000000d5580000, 0x00000000da080000, 0x0000000100000000)
  eden space 66560K, 46% used [0x00000000d5580000,0x00000000d736d5e8,0x00000000d9680000)
  from space 5120K, 41% used [0x00000000d9b80000,0x00000000d9d90000,0x00000000da080000)
  to   space 5120K, 0% used [0x00000000d9680000,0x00000000d9680000,0x00000000d9b80000)
 ParOldGen       total 77312K, used 27284K [0x0000000080000000, 0x0000000084b80000, 0x00000000d5580000)
  object space 77312K, 35% used [0x0000000080000000,0x0000000081aa5138,0x0000000084b80000)
 Metaspace       used 40027K, capacity 41856K, committed 42072K, reserved 1085440K
  class space    used 5552K, capacity 5929K, committed 6016K, reserved 1048576K
GC Heap History (10 events):
Event: 5.864 GC heap before
{Heap before GC invocations=12 (full 1):
 PSYoungGen      total 71680K, used 7661K [0x00000000d5580000, 0x00000000da080000, 0x0000000100000000)
  eden space 66560K, 3% used [0x00000000d5580000,0x00000000d5802290,0x00000000d9680000)
  from space 5120K, 99% used [0x00000000d9b80000,0x00000000da0791d0,0x00000000da080000)
  to   space 5120K, 0% used [0x00000000d9680000,0x00000000d9680000,0x00000000d9b80000)
 ParOldGen       total 49664K, used 29857K [0x0000000080000000, 0x0000000083080000, 0x00000000d5580000)
  object space 49664K, 60% used [0x0000000080000000,0x0000000081d28758,0x0000000083080000)
 Metaspace       used 33873K, capacity 35394K, committed 35416K, reserved 1079296K
  class space    used 4641K, capacity 4980K, committed 4992K, reserved 1048576K
Event: 5.870 GC heap after
Heap after GC invocations=12 (full 1):
 PSYoungGen      total 71680K, used 160K [0x00000000d5580000, 0x00000000da080000, 0x0000000100000000)
  eden space 66560K, 0% used [0x00000000d5580000,0x00000000d5580000,0x00000000d9680000)
  from space 5120K, 3% used [0x00000000d9680000,0x00000000d96a8000,0x00000000d9b80000)
  to   space 5120K, 0% used [0x00000000d9b80000,0x00000000d9b80000,0x00000000da080000)
 ParOldGen       total 49664K, used 33924K [0x0000000080000000, 0x0000000083080000, 0x00000000d5580000)
  object space 49664K, 68% used [0x0000000080000000,0x0000000082121170,0x0000000083080000)
 Metaspace       used 33873K, capacity 35394K, committed 35416K, reserved 1079296K
  class space    used 4641K, capacity 4980K, committed 4992K, reserved 1048576K
}
Event: 5.870 GC heap before
{Heap before GC invocations=13 (full 2):
 PSYoungGen      total 71680K, used 160K [0x00000000d5580000, 0x00000000da080000, 0x0000000100000000)
  eden space 66560K, 0% used [0x00000000d5580000,0x00000000d5580000,0x00000000d9680000)
  from space 5120K, 3% used [0x00000000d9680000,0x00000000d96a8000,0x00000000d9b80000)
  to   space 5120K, 0% used [0x00000000d9b80000,0x00000000d9b80000,0x00000000da080000)
 ParOldGen       total 49664K, used 33924K [0x0000000080000000, 0x0000000083080000, 0x00000000d5580000)
  object space 49664K, 68% used [0x0000000080000000,0x0000000082121170,0x0000000083080000)
 Metaspace       used 33873K, capacity 35394K, committed 35416K, reserved 1079296K
  class space    used 4641K, capacity 4980K, committed 4992K, reserved 1048576K
Event: 5.959 GC heap after
Heap after GC invocations=13 (full 2):
 PSYoungGen      total 71680K, used 0K [0x00000000d5580000, 0x00000000da080000, 0x0000000100000000)
  eden space 66560K, 0% used [0x00000000d5580000,0x00000000d5580000,0x00000000d9680000)
  from space 5120K, 0% used [0x00000000d9680000,0x00000000d9680000,0x00000000d9b80000)
  to   space 5120K, 0% used [0x00000000d9b80000,0x00000000d9b80000,0x00000000da080000)
 ParOldGen       total 77312K, used 21941K [0x0000000080000000, 0x0000000084b80000, 0x00000000d5580000)
  object space 77312K, 28% used [0x0000000080000000,0x000000008156d7c8,0x0000000084b80000)
 Metaspace       used 33873K, capacity 35394K, committed 35416K, reserved 1079296K
  class space    used 4641K, capacity 4980K, committed 4992K, reserved 1048576K
}
Event: 6.906 GC heap before
{Heap before GC invocations=14 (full 2):
 PSYoungGen      total 71680K, used 66560K [0x00000000d5580000, 0x00000000da080000, 0x0000000100000000)
  eden space 66560K, 100% used [0x00000000d5580000,0x00000000d9680000,0x00000000d9680000)
  from space 5120K, 0% used [0x00000000d9680000,0x00000000d9680000,0x00000000d9b80000)
  to   space 5120K, 0% used [0x00000000d9b80000,0x00000000d9b80000,0x00000000da080000)
 ParOldGen       total 77312K, used 21941K [0x0000000080000000, 0x0000000084b80000, 0x00000000d5580000)
  object space 77312K, 28% used [0x0000000080000000,0x000000008156d7c8,0x0000000084b80000)
 Metaspace       used 37800K, capacity 39464K, committed 39640K, reserved 1083392K
  class space    used 5209K, capacity 5535K, committed 5632K, reserved 1048576K
Event: 6.912 GC heap after
Heap after GC invocations=14 (full 2):
 PSYoungGen      total 71680K, used 4883K [0x00000000d5580000, 0x00000000da080000, 0x0000000100000000)
  eden space 66560K, 0% used [0x00000000d5580000,0x00000000d5580000,0x00000000d9680000)
  from space 5120K, 95% used [0x00000000d9b80000,0x00000000da044d48,0x00000000da080000)
  to   space 5120K, 0% used [0x00000000d9680000,0x00000000d9680000,0x00000000d9b80000)
 ParOldGen       total 77312K, used 21949K [0x0000000080000000, 0x0000000084b80000, 0x00000000d5580000)
  object space 77312K, 28% used [0x0000000080000000,0x000000008156f7c8,0x0000000084b80000)
 Metaspace       used 37800K, capacity 39464K, committed 39640K, reserved 1083392K
  class space    used 5209K, capacity 5535K, committed 5632K, reserved 1048576K
}
Event: 7.786 GC heap before
{Heap before GC invocations=15 (full 2):
 PSYoungGen      total 71680K, used 71443K [0x00000000d5580000, 0x00000000da080000, 0x0000000100000000)
  eden space 66560K, 100% used [0x00000000d5580000,0x00000000d9680000,0x00000000d9680000)
  from space 5120K, 95% used [0x00000000d9b80000,0x00000000da044d48,0x00000000da080000)
  to   space 5120K, 0% used [0x00000000d9680000,0x00000000d9680000,0x00000000d9b80000)
 ParOldGen       total 77312K, used 21949K [0x0000000080000000, 0x0000000084b80000, 0x00000000d5580000)
  object space 77312K, 28% used [0x0000000080000000,0x000000008156f7c8,0x0000000084b80000)
 Metaspace       used 39067K, capacity 40746K, committed 40792K, reserved 1085440K
  class space    used 5391K, capacity 5718K, committed 5760K, reserved 1048576K
Event: 7.792 GC heap after
Heap after GC invocations=15 (full 2):
 PSYoungGen      total 71680K, used 3743K [0x00000000d5580000, 0x00000000da080000, 0x0000000100000000)
  eden space 66560K, 0% used [0x00000000d5580000,0x00000000d5580000,0x00000000d9680000)
  from space 5120K, 73% used [0x00000000d9680000,0x00000000d9a27ed8,0x00000000d9b80000)
  to   space 5120K, 0% used [0x00000000d9b80000,0x00000000d9b80000,0x00000000da080000)
 ParOldGen       total 77312K, used 24748K [0x0000000080000000, 0x0000000084b80000, 0x00000000d5580000)
  object space 77312K, 32% used [0x0000000080000000,0x000000008182b138,0x0000000084b80000)
 Metaspace       used 39067K, capacity 40746K, committed 40792K, reserved 1085440K
  class space    used 5391K, capacity 5718K, committed 5760K, reserved 1048576K
}
Event: 8.352 GC heap before
{Heap before GC invocations=16 (full 2):
 PSYoungGen      total 71680K, used 70303K [0x00000000d5580000, 0x00000000da080000, 0x0000000100000000)
  eden space 66560K, 100% used [0x00000000d5580000,0x00000000d9680000,0x00000000d9680000)
  from space 5120K, 73% used [0x00000000d9680000,0x00000000d9a27ed8,0x00000000d9b80000)
  to   space 5120K, 0% used [0x00000000d9b80000,0x00000000d9b80000,0x00000000da080000)
 ParOldGen       total 77312K, used 24748K [0x0000000080000000, 0x0000000084b80000, 0x00000000d5580000)
  object space 77312K, 32% used [0x0000000080000000,0x000000008182b138,0x0000000084b80000)
 Metaspace       used 39659K, capacity 41404K, committed 41688K, reserved 1085440K
  class space    used 5489K, capacity 5827K, committed 5888K, reserved 1048576K
Event: 8.360 GC heap after
Heap after GC invocations=16 (full 2):
 PSYoungGen      total 71680K, used 2112K [0x00000000d5580000, 0x00000000da080000, 0x0000000100000000)
  eden space 66560K, 0% used [0x00000000d5580000,0x00000000d5580000,0x00000000d9680000)
  from space 5120K, 41% used [0x00000000d9b80000,0x00000000d9d90000,0x00000000da080000)
  to   space 5120K, 0% used [0x00000000d9680000,0x00000000d9680000,0x00000000d9b80000)
 ParOldGen       total 77312K, used 27284K [0x0000000080000000, 0x0000000084b80000, 0x00000000d5580000)
  object space 77312K, 35% used [0x0000000080000000,0x0000000081aa5138,0x0000000084b80000)
 Metaspace       used 39659K, capacity 41404K, committed 41688K, reserved 1085440K
  class space    used 5489K, capacity 5827K, committed 5888K, reserved 1048576K
}

