# JRE version: Java(TM) SE Runtime Environment (8.0_121-b13) (build 1.8.0_121-b13)
# Java VM: Java HotSpot(TM) 64-Bit Server VM (25.121-b13 mixed mode windows-amd64 compressed oops)
Heap:
 PSYoungGen      total 198144K, used 101540K [0x00000000d5580000, 0x00000000e2c00000, 0x0000000100000000)
  eden space 182784K, 55% used [0x00000000d5580000,0x00000000db8a9070,0x00000000e0800000)
  from space 15360K, 0% used [0x00000000e1980000,0x00000000e1980000,0x00000000e2880000)
  to   space 17920K, 0% used [0x00000000e0800000,0x00000000e0800000,0x00000000e1980000)
 ParOldGen       total 88576K, used 22175K [0x0000000080000000, 0x0000000085680000, 0x00000000d5580000)
  object space 88576K, 25% used [0x0000000080000000,0x00000000815a7e50,0x0000000085680000)
 Metaspace       used 45455K, capacity 47204K, committed 47576K, reserved 1091584K
  class space    used 6418K, capacity 6761K, committed 6872K, reserved 1048576K
GC Heap History (10 events):
Event: 2.543 GC heap before
{Heap before GC invocations=6 (full 1):
 PSYoungGen      total 71680K, used 66560K [0x00000000d5580000, 0x00000000da080000, 0x0000000100000000)
  eden space 66560K, 100% used [0x00000000d5580000,0x00000000d9680000,0x00000000d9680000)
  from space 5120K, 0% used [0x00000000d9b80000,0x00000000d9b80000,0x00000000da080000)
  to   space 5120K, 0% used [0x00000000d9680000,0x00000000d9680000,0x00000000d9b80000)
 ParOldGen       total 53248K, used 7347K [0x0000000080000000, 0x0000000083400000, 0x00000000d5580000)
  object space 53248K, 13% used [0x0000000080000000,0x000000008072cc68,0x0000000083400000)
 Metaspace       used 22061K, capacity 22790K, committed 22912K, reserved 1069056K
  class space    used 2986K, capacity 3192K, committed 3200K, reserved 1048576K
Event: 2.552 GC heap after
Heap after GC invocations=6 (full 1):
 PSYoungGen      total 71680K, used 3799K [0x00000000d5580000, 0x00000000dd680000, 0x0000000100000000)
  eden space 66560K, 0% used [0x00000000d5580000,0x00000000d5580000,0x00000000d9680000)
  from space 5120K, 74% used [0x00000000d9680000,0x00000000d9a35fe8,0x00000000d9b80000)
  to   space 9216K, 0% used [0x00000000dcd80000,0x00000000dcd80000,0x00000000dd680000)
 ParOldGen       total 53248K, used 7419K [0x0000000080000000, 0x0000000083400000, 0x00000000d5580000)
  object space 53248K, 13% used [0x0000000080000000,0x000000008073ec78,0x0000000083400000)
 Metaspace       used 22061K, capacity 22790K, committed 22912K, reserved 1069056K
  class space    used 2986K, capacity 3192K, committed 3200K, reserved 1048576K
}
Event: 3.345 GC heap before
{Heap before GC invocations=7 (full 1):
 PSYoungGen      total 71680K, used 70359K [0x00000000d5580000, 0x00000000dd680000, 0x0000000100000000)
  eden space 66560K, 100% used [0x00000000d5580000,0x00000000d9680000,0x00000000d9680000)
  from space 5120K, 74% used [0x00000000d9680000,0x00000000d9a35fe8,0x00000000d9b80000)
  to   space 9216K, 0% used [0x00000000dcd80000,0x00000000dcd80000,0x00000000dd680000)
 ParOldGen       total 53248K, used 7419K [0x0000000080000000, 0x0000000083400000, 0x00000000d5580000)
  object space 53248K, 13% used [0x0000000080000000,0x000000008073ec78,0x0000000083400000)
 Metaspace       used 25389K, capacity 26424K, committed 26624K, reserved 1073152K
  class space    used 3497K, capacity 3749K, committed 3840K, reserved 1048576K
Event: 3.365 GC heap after
Heap after GC invocations=7 (full 1):
 PSYoungGen      total 120832K, used 9199K [0x00000000d5580000, 0x00000000dd900000, 0x0000000100000000)
  eden space 111616K, 0% used [0x00000000d5580000,0x00000000d5580000,0x00000000dc280000)
  from space 9216K, 99% used [0x00000000dcd80000,0x00000000dd67bc78,0x00000000dd680000)
  to   space 11264K, 0% used [0x00000000dc280000,0x00000000dc280000,0x00000000dcd80000)
 ParOldGen       total 53248K, used 8606K [0x0000000080000000, 0x0000000083400000, 0x00000000d5580000)
  object space 53248K, 16% used [0x0000000080000000,0x0000000080867908,0x0000000083400000)
 Metaspace       used 25389K, capacity 26424K, committed 26624K, reserved 1073152K
  class space    used 3497K, capacity 3749K, committed 3840K, reserved 1048576K
}
Event: 4.494 GC heap before
{Heap before GC invocations=8 (full 1):
 PSYoungGen      total 120832K, used 120727K [0x00000000d5580000, 0x00000000dd900000, 0x0000000100000000)
  eden space 111616K, 99% used [0x00000000d5580000,0x00000000dc26a178,0x00000000dc280000)
  from space 9216K, 99% used [0x00000000dcd80000,0x00000000dd67bc78,0x00000000dd680000)
  to   space 11264K, 0% used [0x00000000dc280000,0x00000000dc280000,0x00000000dcd80000)
 ParOldGen       total 53248K, used 8606K [0x0000000080000000, 0x0000000083400000, 0x00000000d5580000)
  object space 53248K, 16% used [0x0000000080000000,0x0000000080867908,0x0000000083400000)
 Metaspace       used 30313K, capacity 31852K, committed 32128K, reserved 1077248K
  class space    used 4161K, capacity 4479K, committed 4480K, reserved 1048576K
Event: 4.521 GC heap after
Heap after GC invocations=8 (full 1):
 PSYoungGen      total 122880K, used 11241K [0x00000000d5580000, 0x00000000e2880000, 0x0000000100000000)
  eden space 111616K, 0% used [0x00000000d5580000,0x00000000d5580000,0x00000000dc280000)
  from space 11264K, 99% used [0x00000000dc280000,0x00000000dcd7a6b8,0x00000000dcd80000)
  to   space 15360K, 0% used [0x00000000e1980000,0x00000000e1980000,0x00000000e2880000)
 ParOldGen       total 53248K, used 13269K [0x0000000080000000, 0x0000000083400000, 0x00000000d5580000)
  object space 53248K, 24% used [0x0000000080000000,0x0000000080cf55d8,0x0000000083400000)
 Metaspace       used 30313K, capacity 31852K, committed 32128K, reserved 1077248K
  class space    used 4161K, capacity 4479K, committed 4480K, reserved 1048576K
}
Event: 5.408 GC heap before
{Heap before GC invocations=9 (full 1):
 PSYoungGen      total 122880K, used 63720K [0x00000000d5580000, 0x00000000e2880000, 0x0000000100000000)
  eden space 111616K, 47% used [0x00000000d5580000,0x00000000d88bfd08,0x00000000dc280000)
  from space 11264K, 99% used [0x00000000dc280000,0x00000000dcd7a6b8,0x00000000dcd80000)
  to   space 15360K, 0% used [0x00000000e1980000,0x00000000e1980000,0x00000000e2880000)
 ParOldGen       total 53248K, used 13269K [0x0000000080000000, 0x0000000083400000, 0x00000000d5580000)
  object space 53248K, 24% used [0x0000000080000000,0x0000000080cf55d8,0x0000000083400000)
 Metaspace       used 33672K, capacity 35316K, committed 35416K, reserved 1079296K
  class space    used 4534K, capacity 4871K, committed 4952K, reserved 1048576K
Event: 5.432 GC heap after
Heap after GC invocations=9 (full 1):
 PSYoungGen      total 198144K, used 15349K [0x00000000d5580000, 0x00000000e2c00000, 0x0000000100000000)
  eden space 182784K, 0% used [0x00000000d5580000,0x00000000d5580000,0x00000000e0800000)
  from space 15360K, 99% used [0x00000000e1980000,0x00000000e287d590,0x00000000e2880000)
  to   space 17920K, 0% used [0x00000000e0800000,0x00000000e0800000,0x00000000e1980000)
 ParOldGen       total 53248K, used 13692K [0x0000000080000000, 0x0000000083400000, 0x00000000d5580000)
  object space 53248K, 25% used [0x0000000080000000,0x0000000080d5f1e0,0x0000000083400000)
 Metaspace       used 33672K, capacity 35316K, committed 35416K, reserved 1079296K
  class space    used 4534K, capacity 4871K, committed 4952K, reserved 1048576K
}
Event: 5.432 GC heap before
{Heap before GC invocations=10 (full 2):
 PSYoungGen      total 198144K, used 15349K [0x00000000d5580000, 0x00000000e2c00000, 0x0000000100000000)
  eden space 182784K, 0% used [0x00000000d5580000,0x00000000d5580000,0x00000000e0800000)
  from space 15360K, 99% used [0x00000000e1980000,0x00000000e287d590,0x00000000e2880000)
  to   space 17920K, 0% used [0x00000000e0800000,0x00000000e0800000,0x00000000e1980000)
 ParOldGen       total 53248K, used 13692K [0x0000000080000000, 0x0000000083400000, 0x00000000d5580000)
  object space 53248K, 25% used [0x0000000080000000,0x0000000080d5f1e0,0x0000000083400000)
 Metaspace       used 33672K, capacity 35316K, committed 35416K, reserved 1079296K
  class space    used 4534K, capacity 4871K, committed 4952K, reserved 1048576K
Event: 5.546 GC heap after
Heap after GC invocations=10 (full 2):
 PSYoungGen      total 198144K, used 0K [0x00000000d5580000, 0x00000000e2c00000, 0x0000000100000000)
  eden space 182784K, 0% used [0x00000000d5580000,0x00000000d5580000,0x00000000e0800000)
  from space 15360K, 0% used [0x00000000e1980000,0x00000000e1980000,0x00000000e2880000)
  to   space 17920K, 0% used [0x00000000e0800000,0x00000000e0800000,0x00000000e1980000)
 ParOldGen       total 88576K, used 22175K [0x0000000080000000, 0x0000000085680000, 0x00000000d5580000)
  object space 88576K, 25% used [0x0000000080000000,0x00000000815a7e50,0x0000000085680000)
 Metaspace       used 33672K, capacity 35316K, committed 35416K, reserved 1079296K
  class space    used 4534K, capacity 4871K, committed 4952K, reserved 1048576K
}

