# JRE version: Java(TM) SE Runtime Environment (8.0_121-b13) (build 1.8.0_121-b13)
# Java VM: Java HotSpot(TM) 64-Bit Server VM (25.121-b13 mixed mode windows-amd64 compressed oops)
Heap:
 PSYoungGen      total 57344K, used 22426K [0x00000000d5580000, 0x00000000d9480000, 0x0000000100000000)
  eden space 52224K, 42% used [0x00000000d5580000,0x00000000d6b66aa0,0x00000000d8880000)
  from space 5120K, 0% used [0x00000000d8d80000,0x00000000d8d80000,0x00000000d9280000)
  to   space 5120K, 0% used [0x00000000d8880000,0x00000000d8880000,0x00000000d8d80000)
 ParOldGen       total 52224K, used 6565K [0x0000000080000000, 0x0000000083300000, 0x00000000d5580000)
  object space 52224K, 12% used [0x0000000080000000,0x00000000806697f0,0x0000000083300000)
 Metaspace       used 23195K, capacity 23974K, committed 24152K, reserved 1075200K
  class space    used 3154K, capacity 3362K, committed 3456K, reserved 1048576K
GC Heap History (10 events):
Event: 2.227 GC heap before
{Heap before GC invocations=5 (full 1):
 PSYoungGen      total 38400K, used 36686K [0x00000000d5580000, 0x00000000d9280000, 0x0000000100000000)
  eden space 33280K, 100% used [0x00000000d5580000,0x00000000d7600000,0x00000000d7600000)
  from space 5120K, 66% used [0x00000000d7600000,0x00000000d7953880,0x00000000d7b00000)
  to   space 5120K, 0% used [0x00000000d8d80000,0x00000000d8d80000,0x00000000d9280000)
 ParOldGen       total 52224K, used 4985K [0x0000000080000000, 0x0000000083300000, 0x00000000d5580000)
  object space 52224K, 9% used [0x0000000080000000,0x00000000804de670,0x0000000083300000)
 Metaspace       used 20801K, capacity 21452K, committed 21760K, reserved 1071104K
  class space    used 2807K, capacity 2985K, committed 3072K, reserved 1048576K
Event: 2.236 GC heap after
Heap after GC invocations=5 (full 1):
 PSYoungGen      total 57344K, used 5098K [0x00000000d5580000, 0x00000000d9480000, 0x0000000100000000)
  eden space 52224K, 0% used [0x00000000d5580000,0x00000000d5580000,0x00000000d8880000)
  from space 5120K, 99% used [0x00000000d8d80000,0x00000000d927a838,0x00000000d9280000)
  to   space 5120K, 0% used [0x00000000d8880000,0x00000000d8880000,0x00000000d8d80000)
 ParOldGen       total 52224K, used 5605K [0x0000000080000000, 0x0000000083300000, 0x00000000d5580000)
  object space 52224K, 10% used [0x0000000080000000,0x0000000080579780,0x0000000083300000)
 Metaspace       used 20801K, capacity 21452K, committed 21760K, reserved 1071104K
  class space    used 2807K, capacity 2985K, committed 3072K, reserved 1048576K
}
Event: 2.629 GC heap before
{Heap before GC invocations=6 (full 1):
 PSYoungGen      total 57344K, used 34527K [0x00000000d5580000, 0x00000000d9480000, 0x0000000100000000)
  eden space 52224K, 56% used [0x00000000d5580000,0x00000000d723d4d0,0x00000000d8880000)
  from space 5120K, 99% used [0x00000000d8d80000,0x00000000d927a838,0x00000000d9280000)
  to   space 5120K, 0% used [0x00000000d8880000,0x00000000d8880000,0x00000000d8d80000)
 ParOldGen       total 52224K, used 5605K [0x0000000080000000, 0x0000000083300000, 0x00000000d5580000)
  object space 52224K, 10% used [0x0000000080000000,0x0000000080579780,0x0000000083300000)
 Metaspace       used 22477K, capacity 23192K, committed 23256K, reserved 1073152K
  class space    used 3067K, capacity 3267K, committed 3328K, reserved 1048576K
Event: 2.637 GC heap after
Heap after GC invocations=6 (full 1):
 PSYoungGen      total 57344K, used 4512K [0x00000000d5580000, 0x00000000d9480000, 0x0000000100000000)
  eden space 52224K, 0% used [0x00000000d5580000,0x00000000d5580000,0x00000000d8880000)
  from space 5120K, 88% used [0x00000000d8880000,0x00000000d8ce82b0,0x00000000d8d80000)
  to   space 5120K, 0% used [0x00000000d8d80000,0x00000000d8d80000,0x00000000d9280000)
 ParOldGen       total 52224K, used 5613K [0x0000000080000000, 0x0000000083300000, 0x00000000d5580000)
  object space 52224K, 10% used [0x0000000080000000,0x000000008057b780,0x0000000083300000)
 Metaspace       used 22477K, capacity 23192K, committed 23256K, reserved 1073152K
  class space    used 3067K, capacity 3267K, committed 3328K, reserved 1048576K
}
Event: 2.637 GC heap before
{Heap before GC invocations=7 (full 2):
 PSYoungGen      total 57344K, used 4512K [0x00000000d5580000, 0x00000000d9480000, 0x0000000100000000)
  eden space 52224K, 0% used [0x00000000d5580000,0x00000000d5580000,0x00000000d8880000)
  from space 5120K, 88% used [0x00000000d8880000,0x00000000d8ce82b0,0x00000000d8d80000)
  to   space 5120K, 0% used [0x00000000d8d80000,0x00000000d8d80000,0x00000000d9280000)
 ParOldGen       total 52224K, used 5613K [0x0000000080000000, 0x0000000083300000, 0x00000000d5580000)
  object space 52224K, 10% used [0x0000000080000000,0x000000008057b780,0x0000000083300000)
 Metaspace       used 22477K, capacity 23192K, committed 23256K, reserved 1073152K
  class space    used 3067K, capacity 3267K, committed 3328K, reserved 1048576K
Event: 2.670 GC heap after
Heap after GC invocations=7 (full 2):
 PSYoungGen      total 57344K, used 0K [0x00000000d5580000, 0x00000000d9480000, 0x0000000100000000)
  eden space 52224K, 0% used [0x00000000d5580000,0x00000000d5580000,0x00000000d8880000)
  from space 5120K, 0% used [0x00000000d8880000,0x00000000d8880000,0x00000000d8d80000)
  to   space 5120K, 0% used [0x00000000d8d80000,0x00000000d8d80000,0x00000000d9280000)
 ParOldGen       total 52224K, used 7702K [0x0000000080000000, 0x0000000083300000, 0x00000000d5580000)
  object space 52224K, 14% used [0x0000000080000000,0x0000000080785868,0x0000000083300000)
 Metaspace       used 22477K, capacity 23192K, committed 23256K, reserved 1073152K
  class space    used 3067K, capacity 3267K, committed 3328K, reserved 1048576K
}
Event: 2.670 GC heap before
{Heap before GC invocations=8 (full 2):
 PSYoungGen      total 57344K, used 0K [0x00000000d5580000, 0x00000000d9480000, 0x0000000100000000)
  eden space 52224K, 0% used [0x00000000d5580000,0x00000000d5580000,0x00000000d8880000)
  from space 5120K, 0% used [0x00000000d8880000,0x00000000d8880000,0x00000000d8d80000)
  to   space 5120K, 0% used [0x00000000d8d80000,0x00000000d8d80000,0x00000000d9280000)
 ParOldGen       total 52224K, used 7702K [0x0000000080000000, 0x0000000083300000, 0x00000000d5580000)
  object space 52224K, 14% used [0x0000000080000000,0x0000000080785868,0x0000000083300000)
 Metaspace       used 22477K, capacity 23192K, committed 23256K, reserved 1077248K
  class space    used 3067K, capacity 3267K, committed 3328K, reserved 1048576K
Event: 2.671 GC heap after
Heap after GC invocations=8 (full 2):
 PSYoungGen      total 57344K, used 0K [0x00000000d5580000, 0x00000000d9480000, 0x0000000100000000)
  eden space 52224K, 0% used [0x00000000d5580000,0x00000000d5580000,0x00000000d8880000)
  from space 5120K, 0% used [0x00000000d8d80000,0x00000000d8d80000,0x00000000d9280000)
  to   space 5120K, 0% used [0x00000000d8880000,0x00000000d8880000,0x00000000d8d80000)
 ParOldGen       total 52224K, used 7702K [0x0000000080000000, 0x0000000083300000, 0x00000000d5580000)
  object space 52224K, 14% used [0x0000000080000000,0x0000000080785868,0x0000000083300000)
 Metaspace       used 22477K, capacity 23192K, committed 23256K, reserved 1077248K
  class space    used 3067K, capacity 3267K, committed 3328K, reserved 1048576K
}
Event: 2.671 GC heap before
{Heap before GC invocations=9 (full 3):
 PSYoungGen      total 57344K, used 0K [0x00000000d5580000, 0x00000000d9480000, 0x0000000100000000)
  eden space 52224K, 0% used [0x00000000d5580000,0x00000000d5580000,0x00000000d8880000)
  from space 5120K, 0% used [0x00000000d8d80000,0x00000000d8d80000,0x00000000d9280000)
  to   space 5120K, 0% used [0x00000000d8880000,0x00000000d8880000,0x00000000d8d80000)
 ParOldGen       total 52224K, used 7702K [0x0000000080000000, 0x0000000083300000, 0x00000000d5580000)
  object space 52224K, 14% used [0x0000000080000000,0x0000000080785868,0x0000000083300000)
 Metaspace       used 22477K, capacity 23192K, committed 23256K, reserved 1077248K
  class space    used 3067K, capacity 3267K, committed 3328K, reserved 1048576K
Event: 2.735 GC heap after
Heap after GC invocations=9 (full 3):
 PSYoungGen      total 57344K, used 0K [0x00000000d5580000, 0x00000000d9480000, 0x0000000100000000)
  eden space 52224K, 0% used [0x00000000d5580000,0x00000000d5580000,0x00000000d8880000)
  from space 5120K, 0% used [0x00000000d8d80000,0x00000000d8d80000,0x00000000d9280000)
  to   space 5120K, 0% used [0x00000000d8880000,0x00000000d8880000,0x00000000d8d80000)
 ParOldGen       total 52224K, used 6565K [0x0000000080000000, 0x0000000083300000, 0x00000000d5580000)
  object space 52224K, 12% used [0x0000000080000000,0x00000000806697f0,0x0000000083300000)
 Metaspace       used 22420K, capacity 23100K, committed 23256K, reserved 1075200K
  class space    used 3056K, capacity 3247K, committed 3328K, reserved 1048576K
}

