# JRE version: Java(TM) SE Runtime Environment (8.0_121-b13) (build 1.8.0_121-b13)
# Java VM: Java HotSpot(TM) 64-Bit Server VM (25.121-b13 mixed mode windows-amd64 compressed oops)
Heap:
 PSYoungGen      total 133120K, used 59344K [0x00000000d5580000, 0x00000000de300000, 0x0000000100000000)
  eden space 123392K, 40% used [0x00000000d5580000,0x00000000d85f7980,0x00000000dce00000)
  from space 9728K, 99% used [0x00000000dd900000,0x00000000de27c840,0x00000000de280000)
  to   space 10752K, 0% used [0x00000000dce00000,0x00000000dce00000,0x00000000dd880000)
 ParOldGen       total 79872K, used 27206K [0x0000000080000000, 0x0000000084e00000, 0x00000000d5580000)
  object space 79872K, 34% used [0x0000000080000000,0x0000000081a91b28,0x0000000084e00000)
 Metaspace       used 47070K, capacity 49146K, committed 49280K, reserved 1091584K
  class space    used 6273K, capacity 6661K, committed 6784K, reserved 1048576K
GC Heap History (10 events):
Event: 4.706 GC heap before
{Heap before GC invocations=6 (full 1):
 PSYoungGen      total 71680K, used 66560K [0x00000000d5580000, 0x00000000da080000, 0x0000000100000000)
  eden space 66560K, 100% used [0x00000000d5580000,0x00000000d9680000,0x00000000d9680000)
  from space 5120K, 0% used [0x00000000d9b80000,0x00000000d9b80000,0x00000000da080000)
  to   space 5120K, 0% used [0x00000000d9680000,0x00000000d9680000,0x00000000d9b80000)
 ParOldGen       total 46592K, used 5172K [0x0000000080000000, 0x0000000082d80000, 0x00000000d5580000)
  object space 46592K, 11% used [0x0000000080000000,0x000000008050d330,0x0000000082d80000)
 Metaspace       used 25416K, capacity 26432K, committed 26624K, reserved 1073152K
  class space    used 3469K, capacity 3727K, committed 3840K, reserved 1048576K
Event: 4.718 GC heap after
Heap after GC invocations=6 (full 1):
 PSYoungGen      total 71680K, used 5098K [0x00000000d5580000, 0x00000000de280000, 0x0000000100000000)
  eden space 66560K, 0% used [0x00000000d5580000,0x00000000d5580000,0x00000000d9680000)
  from space 5120K, 99% used [0x00000000d9680000,0x00000000d9b7aa88,0x00000000d9b80000)
  to   space 9728K, 0% used [0x00000000dd900000,0x00000000dd900000,0x00000000de280000)
 ParOldGen       total 46592K, used 7893K [0x0000000080000000, 0x0000000082d80000, 0x00000000d5580000)
  object space 46592K, 16% used [0x0000000080000000,0x00000000807b5488,0x0000000082d80000)
 Metaspace       used 25416K, capacity 26432K, committed 26624K, reserved 1073152K
  class space    used 3469K, capacity 3727K, committed 3840K, reserved 1048576K
}
Event: 5.477 GC heap before
{Heap before GC invocations=7 (full 1):
 PSYoungGen      total 71680K, used 71658K [0x00000000d5580000, 0x00000000de280000, 0x0000000100000000)
  eden space 66560K, 100% used [0x00000000d5580000,0x00000000d9680000,0x00000000d9680000)
  from space 5120K, 99% used [0x00000000d9680000,0x00000000d9b7aa88,0x00000000d9b80000)
  to   space 9728K, 0% used [0x00000000dd900000,0x00000000dd900000,0x00000000de280000)
 ParOldGen       total 46592K, used 7893K [0x0000000080000000, 0x0000000082d80000, 0x00000000d5580000)
  object space 46592K, 16% used [0x0000000080000000,0x00000000807b5488,0x0000000082d80000)
 Metaspace       used 28568K, capacity 29820K, committed 30080K, reserved 1075200K
  class space    used 3926K, capacity 4203K, committed 4224K, reserved 1048576K
Event: 5.492 GC heap after
Heap after GC invocations=7 (full 1):
 PSYoungGen      total 133120K, used 9551K [0x00000000d5580000, 0x00000000de300000, 0x0000000100000000)
  eden space 123392K, 0% used [0x00000000d5580000,0x00000000d5580000,0x00000000dce00000)
  from space 9728K, 98% used [0x00000000dd900000,0x00000000de253ef0,0x00000000de280000)
  to   space 10752K, 0% used [0x00000000dce00000,0x00000000dce00000,0x00000000dd880000)
 ParOldGen       total 46592K, used 7901K [0x0000000080000000, 0x0000000082d80000, 0x00000000d5580000)
  object space 46592K, 16% used [0x0000000080000000,0x00000000807b7488,0x0000000082d80000)
 Metaspace       used 28568K, capacity 29820K, committed 30080K, reserved 1075200K
  class space    used 3926K, capacity 4203K, committed 4224K, reserved 1048576K
}
Event: 6.844 GC heap before
{Heap before GC invocations=8 (full 1):
 PSYoungGen      total 133120K, used 116939K [0x00000000d5580000, 0x00000000de300000, 0x0000000100000000)
  eden space 123392K, 87% used [0x00000000d5580000,0x00000000dbe5eff8,0x00000000dce00000)
  from space 9728K, 98% used [0x00000000dd900000,0x00000000de253ef0,0x00000000de280000)
  to   space 10752K, 0% used [0x00000000dce00000,0x00000000dce00000,0x00000000dd880000)
 ParOldGen       total 46592K, used 7901K [0x0000000080000000, 0x0000000082d80000, 0x00000000d5580000)
  object space 46592K, 16% used [0x0000000080000000,0x00000000807b7488,0x0000000082d80000)
 Metaspace       used 33866K, capacity 35360K, committed 35456K, reserved 1079296K
  class space    used 4605K, capacity 4909K, committed 4992K, reserved 1048576K
Event: 6.881 GC heap after
Heap after GC invocations=8 (full 1):
 PSYoungGen      total 134144K, used 10744K [0x00000000d5580000, 0x00000000de300000, 0x0000000100000000)
  eden space 123392K, 0% used [0x00000000d5580000,0x00000000d5580000,0x00000000dce00000)
  from space 10752K, 99% used [0x00000000dce00000,0x00000000dd87e090,0x00000000dd880000)
  to   space 9728K, 0% used [0x00000000dd900000,0x00000000dd900000,0x00000000de280000)
 ParOldGen       total 46592K, used 18425K [0x0000000080000000, 0x0000000082d80000, 0x00000000d5580000)
  object space 46592K, 39% used [0x0000000080000000,0x00000000811fe760,0x0000000082d80000)
 Metaspace       used 33866K, capacity 35360K, committed 35456K, reserved 1079296K
  class space    used 4605K, capacity 4909K, committed 4992K, reserved 1048576K
}
Event: 6.881 GC heap before
{Heap before GC invocations=9 (full 2):
 PSYoungGen      total 134144K, used 10744K [0x00000000d5580000, 0x00000000de300000, 0x0000000100000000)
  eden space 123392K, 0% used [0x00000000d5580000,0x00000000d5580000,0x00000000dce00000)
  from space 10752K, 99% used [0x00000000dce00000,0x00000000dd87e090,0x00000000dd880000)
  to   space 9728K, 0% used [0x00000000dd900000,0x00000000dd900000,0x00000000de280000)
 ParOldGen       total 46592K, used 18425K [0x0000000080000000, 0x0000000082d80000, 0x00000000d5580000)
  object space 46592K, 39% used [0x0000000080000000,0x00000000811fe760,0x0000000082d80000)
 Metaspace       used 33866K, capacity 35360K, committed 35456K, reserved 1079296K
  class space    used 4605K, capacity 4909K, committed 4992K, reserved 1048576K
Event: 6.992 GC heap after
Heap after GC invocations=9 (full 2):
 PSYoungGen      total 134144K, used 0K [0x00000000d5580000, 0x00000000de300000, 0x0000000100000000)
  eden space 123392K, 0% used [0x00000000d5580000,0x00000000d5580000,0x00000000dce00000)
  from space 10752K, 0% used [0x00000000dce00000,0x00000000dce00000,0x00000000dd880000)
  to   space 9728K, 0% used [0x00000000dd900000,0x00000000dd900000,0x00000000de280000)
 ParOldGen       total 79872K, used 25525K [0x0000000080000000, 0x0000000084e00000, 0x00000000d5580000)
  object space 79872K, 31% used [0x0000000080000000,0x00000000818ed7d0,0x0000000084e00000)
 Metaspace       used 33866K, capacity 35360K, committed 35456K, reserved 1079296K
  class space    used 4605K, capacity 4909K, committed 4992K, reserved 1048576K
}
Event: 9.003 GC heap before
{Heap before GC invocations=10 (full 2):
 PSYoungGen      total 134144K, used 123392K [0x00000000d5580000, 0x00000000de300000, 0x0000000100000000)
  eden space 123392K, 100% used [0x00000000d5580000,0x00000000dce00000,0x00000000dce00000)
  from space 10752K, 0% used [0x00000000dce00000,0x00000000dce00000,0x00000000dd880000)
  to   space 9728K, 0% used [0x00000000dd900000,0x00000000dd900000,0x00000000de280000)
 ParOldGen       total 79872K, used 25525K [0x0000000080000000, 0x0000000084e00000, 0x00000000d5580000)
  object space 79872K, 31% used [0x0000000080000000,0x00000000818ed7d0,0x0000000084e00000)
 Metaspace       used 41702K, capacity 43594K, committed 43776K, reserved 1087488K
  class space    used 5732K, capacity 6095K, committed 6144K, reserved 1048576K
Event: 9.023 GC heap after
Heap after GC invocations=10 (full 2):
 PSYoungGen      total 133120K, used 9714K [0x00000000d5580000, 0x00000000de300000, 0x0000000100000000)
  eden space 123392K, 0% used [0x00000000d5580000,0x00000000d5580000,0x00000000dce00000)
  from space 9728K, 99% used [0x00000000dd900000,0x00000000de27c840,0x00000000de280000)
  to   space 10752K, 0% used [0x00000000dce00000,0x00000000dce00000,0x00000000dd880000)
 ParOldGen       total 79872K, used 27206K [0x0000000080000000, 0x0000000084e00000, 0x00000000d5580000)
  object space 79872K, 34% used [0x0000000080000000,0x0000000081a91b28,0x0000000084e00000)
 Metaspace       used 41702K, capacity 43594K, committed 43776K, reserved 1087488K
  class space    used 5732K, capacity 6095K, committed 6144K, reserved 1048576K
}

