# JRE version: Java(TM) SE Runtime Environment (8.0_121-b13) (build 1.8.0_121-b13)
# Java VM: Java HotSpot(TM) 64-Bit Server VM (25.121-b13 mixed mode windows-amd64 compressed oops)
Heap:
 PSYoungGen      total 135168K, used 3651K [0x00000000d5580000, 0x00000000e4880000, 0x0000000100000000)
  eden space 120832K, 3% used [0x00000000d5580000,0x00000000d5910fd8,0x00000000dcb80000)
  from space 14336K, 0% used [0x00000000dcb80000,0x00000000dcb80000,0x00000000dd980000)
  to   space 15360K, 0% used [0x00000000e3980000,0x00000000e3980000,0x00000000e4880000)
 ParOldGen       total 47104K, used 19238K [0x0000000080000000, 0x0000000082e00000, 0x00000000d5580000)
  object space 47104K, 40% used [0x0000000080000000,0x00000000812c9a40,0x0000000082e00000)
 Metaspace       used 35086K, capacity 36710K, committed 36944K, reserved 1081344K
  class space    used 4588K, capacity 4893K, committed 4992K, reserved 1048576K
GC Heap History (10 events):
Event: 1.969 GC heap before
{Heap before GC invocations=5 (full 1):
 PSYoungGen      total 71680K, used 5104K [0x00000000d5580000, 0x00000000da080000, 0x0000000100000000)
  eden space 66560K, 0% used [0x00000000d5580000,0x00000000d5580000,0x00000000d9680000)
  from space 5120K, 99% used [0x00000000d9b80000,0x00000000da07c010,0x00000000da080000)
  to   space 5120K, 0% used [0x00000000d9680000,0x00000000d9680000,0x00000000d9b80000)
 ParOldGen       total 87552K, used 6239K [0x0000000080000000, 0x0000000085580000, 0x00000000d5580000)
  object space 87552K, 7% used [0x0000000080000000,0x0000000080617f88,0x0000000085580000)
 Metaspace       used 20923K, capacity 21528K, committed 21628K, reserved 1069056K
  class space    used 2860K, capacity 3061K, committed 3072K, reserved 1048576K
Event: 2.002 GC heap after
Heap after GC invocations=5 (full 1):
 PSYoungGen      total 71680K, used 0K [0x00000000d5580000, 0x00000000da080000, 0x0000000100000000)
  eden space 66560K, 0% used [0x00000000d5580000,0x00000000d5580000,0x00000000d9680000)
  from space 5120K, 0% used [0x00000000d9b80000,0x00000000d9b80000,0x00000000da080000)
  to   space 5120K, 0% used [0x00000000d9680000,0x00000000d9680000,0x00000000d9b80000)
 ParOldGen       total 47104K, used 5256K [0x0000000080000000, 0x0000000082e00000, 0x00000000d5580000)
  object space 47104K, 11% used [0x0000000080000000,0x0000000080522168,0x0000000082e00000)
 Metaspace       used 20922K, capacity 21522K, committed 21628K, reserved 1069056K
  class space    used 2859K, capacity 3060K, committed 3072K, reserved 1048576K
}
Event: 2.918 GC heap before
{Heap before GC invocations=6 (full 1):
 PSYoungGen      total 71680K, used 66560K [0x00000000d5580000, 0x00000000da080000, 0x0000000100000000)
  eden space 66560K, 100% used [0x00000000d5580000,0x00000000d9680000,0x00000000d9680000)
  from space 5120K, 0% used [0x00000000d9b80000,0x00000000d9b80000,0x00000000da080000)
  to   space 5120K, 0% used [0x00000000d9680000,0x00000000d9680000,0x00000000d9b80000)
 ParOldGen       total 47104K, used 5256K [0x0000000080000000, 0x0000000082e00000, 0x00000000d5580000)
  object space 47104K, 11% used [0x0000000080000000,0x0000000080522168,0x0000000082e00000)
 Metaspace       used 26708K, capacity 27956K, committed 28288K, reserved 1073152K
  class space    used 3667K, capacity 3927K, committed 3968K, reserved 1048576K
Event: 2.935 GC heap after
Heap after GC invocations=6 (full 1):
 PSYoungGen      total 71680K, used 5108K [0x00000000d5580000, 0x00000000de700000, 0x0000000100000000)
  eden space 66560K, 0% used [0x00000000d5580000,0x00000000d5580000,0x00000000d9680000)
  from space 5120K, 99% used [0x00000000d9680000,0x00000000d9b7d070,0x00000000d9b80000)
  to   space 12800K, 0% used [0x00000000dda80000,0x00000000dda80000,0x00000000de700000)
 ParOldGen       total 47104K, used 12389K [0x0000000080000000, 0x0000000082e00000, 0x00000000d5580000)
  object space 47104K, 26% used [0x0000000080000000,0x0000000080c194c8,0x0000000082e00000)
 Metaspace       used 26708K, capacity 27956K, committed 28288K, reserved 1073152K
  class space    used 3667K, capacity 3927K, committed 3968K, reserved 1048576K
}
Event: 18.547 GC heap before
{Heap before GC invocations=7 (full 1):
 PSYoungGen      total 71680K, used 71668K [0x00000000d5580000, 0x00000000de700000, 0x0000000100000000)
  eden space 66560K, 100% used [0x00000000d5580000,0x00000000d9680000,0x00000000d9680000)
  from space 5120K, 99% used [0x00000000d9680000,0x00000000d9b7d070,0x00000000d9b80000)
  to   space 12800K, 0% used [0x00000000dda80000,0x00000000dda80000,0x00000000de700000)
 ParOldGen       total 47104K, used 12389K [0x0000000080000000, 0x0000000082e00000, 0x00000000d5580000)
  object space 47104K, 26% used [0x0000000080000000,0x0000000080c194c8,0x0000000082e00000)
 Metaspace       used 31438K, capacity 33050K, committed 33408K, reserved 1077248K
  class space    used 4297K, capacity 4623K, committed 4736K, reserved 1048576K
Event: 18.567 GC heap after
Heap after GC invocations=7 (full 1):
 PSYoungGen      total 133632K, used 12148K [0x00000000d5580000, 0x00000000de780000, 0x0000000100000000)
  eden space 120832K, 0% used [0x00000000d5580000,0x00000000d5580000,0x00000000dcb80000)
  from space 12800K, 94% used [0x00000000dda80000,0x00000000de65d2b0,0x00000000de700000)
  to   space 14336K, 0% used [0x00000000dcb80000,0x00000000dcb80000,0x00000000dd980000)
 ParOldGen       total 47104K, used 12397K [0x0000000080000000, 0x0000000082e00000, 0x00000000d5580000)
  object space 47104K, 26% used [0x0000000080000000,0x0000000080c1b4c8,0x0000000082e00000)
 Metaspace       used 31438K, capacity 33050K, committed 33408K, reserved 1077248K
  class space    used 4297K, capacity 4623K, committed 4736K, reserved 1048576K
}
Event: 18.888 GC heap before
{Heap before GC invocations=8 (full 1):
 PSYoungGen      total 133632K, used 29901K [0x00000000d5580000, 0x00000000de780000, 0x0000000100000000)
  eden space 120832K, 14% used [0x00000000d5580000,0x00000000d66d61b0,0x00000000dcb80000)
  from space 12800K, 94% used [0x00000000dda80000,0x00000000de65d2b0,0x00000000de700000)
  to   space 14336K, 0% used [0x00000000dcb80000,0x00000000dcb80000,0x00000000dd980000)
 ParOldGen       total 47104K, used 12397K [0x0000000080000000, 0x0000000082e00000, 0x00000000d5580000)
  object space 47104K, 26% used [0x0000000080000000,0x0000000080c1b4c8,0x0000000082e00000)
 Metaspace       used 34382K, capacity 35942K, committed 36048K, reserved 1081344K
  class space    used 4532K, capacity 4829K, committed 4864K, reserved 1048576K
Event: 18.907 GC heap after
Heap after GC invocations=8 (full 1):
 PSYoungGen      total 135168K, used 11865K [0x00000000d5580000, 0x00000000e4880000, 0x0000000100000000)
  eden space 120832K, 0% used [0x00000000d5580000,0x00000000d5580000,0x00000000dcb80000)
  from space 14336K, 82% used [0x00000000dcb80000,0x00000000dd716488,0x00000000dd980000)
  to   space 15360K, 0% used [0x00000000e3980000,0x00000000e3980000,0x00000000e4880000)
 ParOldGen       total 47104K, used 12405K [0x0000000080000000, 0x0000000082e00000, 0x00000000d5580000)
  object space 47104K, 26% used [0x0000000080000000,0x0000000080c1d4c8,0x0000000082e00000)
 Metaspace       used 34382K, capacity 35942K, committed 36048K, reserved 1081344K
  class space    used 4532K, capacity 4829K, committed 4864K, reserved 1048576K
}
Event: 18.907 GC heap before
{Heap before GC invocations=9 (full 2):
 PSYoungGen      total 135168K, used 11865K [0x00000000d5580000, 0x00000000e4880000, 0x0000000100000000)
  eden space 120832K, 0% used [0x00000000d5580000,0x00000000d5580000,0x00000000dcb80000)
  from space 14336K, 82% used [0x00000000dcb80000,0x00000000dd716488,0x00000000dd980000)
  to   space 15360K, 0% used [0x00000000e3980000,0x00000000e3980000,0x00000000e4880000)
 ParOldGen       total 47104K, used 12405K [0x0000000080000000, 0x0000000082e00000, 0x00000000d5580000)
  object space 47104K, 26% used [0x0000000080000000,0x0000000080c1d4c8,0x0000000082e00000)
 Metaspace       used 34382K, capacity 35942K, committed 36048K, reserved 1081344K
  class space    used 4532K, capacity 4829K, committed 4864K, reserved 1048576K
Event: 18.982 GC heap after
Heap after GC invocations=9 (full 2):
 PSYoungGen      total 135168K, used 0K [0x00000000d5580000, 0x00000000e4880000, 0x0000000100000000)
  eden space 120832K, 0% used [0x00000000d5580000,0x00000000d5580000,0x00000000dcb80000)
  from space 14336K, 0% used [0x00000000dcb80000,0x00000000dcb80000,0x00000000dd980000)
  to   space 15360K, 0% used [0x00000000e3980000,0x00000000e3980000,0x00000000e4880000)
 ParOldGen       total 47104K, used 19238K [0x0000000080000000, 0x0000000082e00000, 0x00000000d5580000)
  object space 47104K, 40% used [0x0000000080000000,0x00000000812c9a40,0x0000000082e00000)
 Metaspace       used 34382K, capacity 35942K, committed 36048K, reserved 1081344K
  class space    used 4532K, capacity 4829K, committed 4864K, reserved 1048576K
}

